<?xml version="1.0" encoding="UTF-8"?>
<testng-results skipped="0" failed="0" ignored="0" total="2" passed="2">
  <reporter-output>
  </reporter-output>
  <suite name="Default suite" duration-ms="2187" started-at="2020-05-25T06:40:07Z" finished-at="2020-05-25T06:40:09Z">
    <groups>
    </groups>
    <test name="Default test" duration-ms="2187" started-at="2020-05-25T06:40:07Z" finished-at="2020-05-25T06:40:09Z">
      <class name="GuangGao.AdOpenApiTestPuguang">
        <test-method status="PASS" signature="getadvert2()[pri:0, instance:GuangGao.AdOpenApiTestPuguang@2a5ca609]" name="getadvert2" duration-ms="1588" started-at="2020-05-25T06:40:07Z" finished-at="2020-05-25T06:40:09Z">
          <reporter-output>
          </reporter-output>
        </test-method> <!-- getadvert2 -->
        <test-method status="PASS" signature="getadvert3()[pri:0, instance:GuangGao.AdOpenApiTestPuguang@2a5ca609]" name="getadvert3" duration-ms="581" started-at="2020-05-25T06:40:09Z" finished-at="2020-05-25T06:40:09Z">
          <reporter-output>
          </reporter-output>
        </test-method> <!-- getadvert3 -->
      </class> <!-- GuangGao.AdOpenApiTestPuguang -->
    </test> <!-- Default sit -->
  </suite> <!-- Default suite -->
</testng-results>
